# JRE version: OpenJDK Runtime Environment (8.0_152-b01) (build 1.8.0_152-release-915-b01)
# Java VM: OpenJDK 64-Bit Server VM (25.152-b01 mixed mode windows-amd64 compressed oops)
Heap:
 PSYoungGen      total 370688K, used 70122K [0x00000000e0000000, 0x0000000100000000, 0x0000000100000000)
  eden space 300544K, 0% used [0x00000000e0000000,0x00000000e0000000,0x00000000f2580000)
  from space 70144K, 99% used [0x00000000f8700000,0x00000000fcb7ab78,0x00000000fcb80000)
  to   space 99840K, 0% used [0x00000000f2580000,0x00000000f2580000,0x00000000f8700000)
 ParOldGen       total 188928K, used 188912K [0x00000000a0000000, 0x00000000ab880000, 0x00000000e0000000)
  object space 188928K, 99% used [0x00000000a0000000,0x00000000ab87c3f8,0x00000000ab880000)
 Metaspace       used 121805K, capacity 127215K, committed 127508K, reserved 1159168K
  class space    used 15550K, capacity 16694K, committed 16916K, reserved 1048576K
GC Heap History (10 events):
Event: 8497.221 GC heap after
Heap after GC invocations=41 (full 5):
 PSYoungGen      total 326144K, used 60782K [0x00000000e0000000, 0x00000000f9280000, 0x0000000100000000)
  eden space 261120K, 0% used [0x00000000e0000000,0x00000000e0000000,0x00000000eff00000)
  from space 65024K, 93% used [0x00000000f4680000,0x00000000f81dba68,0x00000000f8600000)
  to   space 73216K, 0% used [0x00000000eff00000,0x00000000eff00000,0x00000000f4680000)
 ParOldGen       total 180736K, used 88690K [0x00000000a0000000, 0x00000000ab080000, 0x00000000e0000000)
  object space 180736K, 49% used [0x00000000a0000000,0x00000000a569cb10,0x00000000ab080000)
 Metaspace       used 111782K, capacity 116285K, committed 117140K, reserved 1150976K
  class space    used 14384K, capacity 15369K, committed 15508K, reserved 1048576K
}
Event: 8504.865 GC heap before
{Heap before GC invocations=42 (full 5):
 PSYoungGen      total 326144K, used 321902K [0x00000000e0000000, 0x00000000f9280000, 0x0000000100000000)
  eden space 261120K, 100% used [0x00000000e0000000,0x00000000eff00000,0x00000000eff00000)
  from space 65024K, 93% used [0x00000000f4680000,0x00000000f81dba68,0x00000000f8600000)
  to   space 73216K, 0% used [0x00000000eff00000,0x00000000eff00000,0x00000000f4680000)
 ParOldGen       total 180736K, used 88690K [0x00000000a0000000, 0x00000000ab080000, 0x00000000e0000000)
  object space 180736K, 49% used [0x00000000a0000000,0x00000000a569cb10,0x00000000ab080000)
 Metaspace       used 112744K, capacity 117379K, committed 118036K, reserved 1150976K
  class space    used 14488K, capacity 15496K, committed 15636K, reserved 1048576K
Event: 8504.891 GC heap after
Heap after GC invocations=42 (full 5):
 PSYoungGen      total 334336K, used 7638K [0x00000000e0000000, 0x00000000fb300000, 0x0000000100000000)
  eden space 261120K, 0% used [0x00000000e0000000,0x00000000e0000000,0x00000000eff00000)
  from space 73216K, 10% used [0x00000000eff00000,0x00000000f0675818,0x00000000f4680000)
  to   space 73216K, 0% used [0x00000000f6b80000,0x00000000f6b80000,0x00000000fb300000)
 ParOldGen       total 180736K, used 133135K [0x00000000a0000000, 0x00000000ab080000, 0x00000000e0000000)
  object space 180736K, 73% used [0x00000000a0000000,0x00000000a8203fa0,0x00000000ab080000)
 Metaspace       used 112744K, capacity 117379K, committed 118036K, reserved 1150976K
  class space    used 14488K, capacity 15496K, committed 15636K, reserved 1048576K
}
Event: 8509.412 GC heap before
{Heap before GC invocations=43 (full 5):
 PSYoungGen      total 334336K, used 268758K [0x00000000e0000000, 0x00000000fb300000, 0x0000000100000000)
  eden space 261120K, 100% used [0x00000000e0000000,0x00000000eff00000,0x00000000eff00000)
  from space 73216K, 10% used [0x00000000eff00000,0x00000000f0675818,0x00000000f4680000)
  to   space 73216K, 0% used [0x00000000f6b80000,0x00000000f6b80000,0x00000000fb300000)
 ParOldGen       total 180736K, used 133135K [0x00000000a0000000, 0x00000000ab080000, 0x00000000e0000000)
  object space 180736K, 73% used [0x00000000a0000000,0x00000000a8203fa0,0x00000000ab080000)
 Metaspace       used 120520K, capacity 125673K, committed 125972K, reserved 1159168K
  class space    used 15433K, capacity 16527K, committed 16660K, reserved 1048576K
Event: 8509.451 GC heap after
Heap after GC invocations=43 (full 5):
 PSYoungGen      total 361984K, used 17573K [0x00000000e0000000, 0x00000000fac00000, 0x0000000100000000)
  eden space 295936K, 0% used [0x00000000e0000000,0x00000000e0000000,0x00000000f2100000)
  from space 66048K, 26% used [0x00000000f6b80000,0x00000000f7ca9658,0x00000000fac00000)
  to   space 71168K, 0% used [0x00000000f2100000,0x00000000f2100000,0x00000000f6680000)
 ParOldGen       total 180736K, used 139731K [0x00000000a0000000, 0x00000000ab080000, 0x00000000e0000000)
  object space 180736K, 77% used [0x00000000a0000000,0x00000000a8874ea0,0x00000000ab080000)
 Metaspace       used 120520K, capacity 125673K, committed 125972K, reserved 1159168K
  class space    used 15433K, capacity 16527K, committed 16660K, reserved 1048576K
}
Event: 8513.677 GC heap before
{Heap before GC invocations=44 (full 5):
 PSYoungGen      total 361984K, used 312846K [0x00000000e0000000, 0x00000000fac00000, 0x0000000100000000)
  eden space 295936K, 99% used [0x00000000e0000000,0x00000000f205a468,0x00000000f2100000)
  from space 66048K, 26% used [0x00000000f6b80000,0x00000000f7ca9658,0x00000000fac00000)
  to   space 71168K, 0% used [0x00000000f2100000,0x00000000f2100000,0x00000000f6680000)
 ParOldGen       total 180736K, used 139731K [0x00000000a0000000, 0x00000000ab080000, 0x00000000e0000000)
  object space 180736K, 77% used [0x00000000a0000000,0x00000000a8874ea0,0x00000000ab080000)
 Metaspace       used 121193K, capacity 126529K, committed 126868K, reserved 1159168K
  class space    used 15487K, capacity 16637K, committed 16788K, reserved 1048576K
Event: 8513.685 GC heap after
Heap after GC invocations=44 (full 5):
 PSYoungGen      total 367104K, used 9495K [0x00000000e0000000, 0x00000000fcb80000, 0x0000000100000000)
  eden space 295936K, 0% used [0x00000000e0000000,0x00000000e0000000,0x00000000f2100000)
  from space 71168K, 13% used [0x00000000f2100000,0x00000000f2a45cd8,0x00000000f6680000)
  to   space 70144K, 0% used [0x00000000f8700000,0x00000000f8700000,0x00000000fcb80000)
 ParOldGen       total 180736K, used 141275K [0x00000000a0000000, 0x00000000ab080000, 0x00000000e0000000)
  object space 180736K, 78% used [0x00000000a0000000,0x00000000a89f6f70,0x00000000ab080000)
 Metaspace       used 121193K, capacity 126529K, committed 126868K, reserved 1159168K
  class space    used 15487K, capacity 16637K, committed 16788K, reserved 1048576K
}
Event: 8515.446 GC heap before
{Heap before GC invocations=45 (full 5):
 PSYoungGen      total 367104K, used 305431K [0x00000000e0000000, 0x00000000fcb80000, 0x0000000100000000)
  eden space 295936K, 100% used [0x00000000e0000000,0x00000000f2100000,0x00000000f2100000)
  from space 71168K, 13% used [0x00000000f2100000,0x00000000f2a45cd8,0x00000000f6680000)
  to   space 70144K, 0% used [0x00000000f8700000,0x00000000f8700000,0x00000000fcb80000)
 ParOldGen       total 180736K, used 141275K [0x00000000a0000000, 0x00000000ab080000, 0x00000000e0000000)
  object space 180736K, 78% used [0x00000000a0000000,0x00000000a89f6f70,0x00000000ab080000)
 Metaspace       used 121805K, capacity 127215K, committed 127508K, reserved 1159168K
  class space    used 15550K, capacity 16694K, committed 16916K, reserved 1048576K
Event: 8515.956 GC heap after
Heap after GC invocations=45 (full 5):
 PSYoungGen      total 370688K, used 70122K [0x00000000e0000000, 0x0000000100000000, 0x0000000100000000)
  eden space 300544K, 0% used [0x00000000e0000000,0x00000000e0000000,0x00000000f2580000)
  from space 70144K, 99% used [0x00000000f8700000,0x00000000fcb7ab78,0x00000000fcb80000)
  to   space 99840K, 0% used [0x00000000f2580000,0x00000000f2580000,0x00000000f8700000)
 ParOldGen       total 188928K, used 188912K [0x00000000a0000000, 0x00000000ab880000, 0x00000000e0000000)
  object space 188928K, 99% used [0x00000000a0000000,0x00000000ab87c3f8,0x00000000ab880000)
 Metaspace       used 121805K, capacity 127215K, committed 127508K, reserved 1159168K
  class space    used 15550K, capacity 16694K, committed 16916K, reserved 1048576K
}
Event: 8515.956 GC heap before
{Heap before GC invocations=46 (full 6):
 PSYoungGen      total 370688K, used 70122K [0x00000000e0000000, 0x0000000100000000, 0x0000000100000000)
  eden space 300544K, 0% used [0x00000000e0000000,0x00000000e0000000,0x00000000f2580000)
  from space 70144K, 99% used [0x00000000f8700000,0x00000000fcb7ab78,0x00000000fcb80000)
  to   space 99840K, 0% used [0x00000000f2580000,0x00000000f2580000,0x00000000f8700000)
 ParOldGen       total 188928K, used 188912K [0x00000000a0000000, 0x00000000ab880000, 0x00000000e0000000)
  object space 188928K, 99% used [0x00000000a0000000,0x00000000ab87c3f8,0x00000000ab880000)
 Metaspace       used 121805K, capacity 127215K, committed 127508K, reserved 1159168K
  class space    used 15550K, capacity 16694K, committed 16916K, reserved 1048576K

